2017/05/17 17:04:18 [error] [system.db.CDbCommand] Error in preparing SQL: DELETE FROM YiiCache WHERE expire>0 AND expire<1495058658
in C:\xampp\htdocs\wwwComiteJuez2017\index.php (14)
2017/05/17 17:04:18 [error] [system.db.CDbCommand] CDbCommand::execute() falló: CDbCommand falló al preparar la sentencia SQL: SQLSTATE[HY000]: General error: 1 no such table: YiiCache. La sentencia SQL ejecutada fue: DELETE FROM YiiCache WHERE expire>0 AND expire<1495058658.
in C:\xampp\htdocs\wwwComiteJuez2017\index.php (14)
2017/05/19 13:52:51 [error] [php] Undefined variable: concurso (C:\xampp\htdocs\wwwComiteJuez2017\protected\controllers\JudgingPanelController.php:934)
Stack trace:
#0 C:\xampp\htdocs\yii\framework\web\actions\CAction.php(109): ReflectionMethod->invokeArgs()
#1 C:\xampp\htdocs\yii\framework\web\actions\CInlineAction.php(47): CInlineAction->runWithParamsInternal()
#2 C:\xampp\htdocs\yii\framework\web\CController.php(308): CInlineAction->runWithParams()
#3 C:\xampp\htdocs\yii\framework\web\filters\CFilterChain.php(133): JudgingPanelController->runAction()
#4 C:\xampp\htdocs\yii\framework\web\filters\CFilter.php(40): CFilterChain->run()
#5 C:\xampp\htdocs\yii\framework\web\CController.php(1145): CAccessControlFilter->filter()
#6 C:\xampp\htdocs\yii\framework\web\filters\CInlineFilter.php(58): JudgingPanelController->filterAccessControl()
#7 C:\xampp\htdocs\yii\framework\web\filters\CFilterChain.php(130): CInlineFilter->filter()
#8 C:\xampp\htdocs\yii\framework\web\CController.php(291): CFilterChain->run()
#9 C:\xampp\htdocs\yii\framework\web\CController.php(265): JudgingPanelController->runActionWithFilters()
#10 C:\xampp\htdocs\yii\framework\web\CWebApplication.php(282): JudgingPanelController->run()
#11 C:\xampp\htdocs\yii\framework\web\CWebApplication.php(141): CWebApplication->runController()
#12 C:\xampp\htdocs\yii\framework\base\CApplication.php(184): CWebApplication->processRequest()
#13 C:\xampp\htdocs\wwwComiteJuez2017\index.php(14): CWebApplication->run()
REQUEST_URI=/wwwComiteJuez2017/judgingPanel/feedbackDashBoard?t=con_0d3e5f203a8a868ca2138b890e43899758ab7b2b46494
in C:\xampp\htdocs\wwwComiteJuez2017\protected\controllers\JudgingPanelController.php (934)
in C:\xampp\htdocs\wwwComiteJuez2017\protected\controllers\JudgingPanelController.php (903)
in C:\xampp\htdocs\wwwComiteJuez2017\index.php (14)
2017/05/19 14:15:30 [error] [exception.CHttpException.404] exception 'CHttpException' with message 'El sistema no ha podido encontrar la acción "gii" solicitada.' in C:\xampp\htdocs\yii\framework\web\CController.php:483
Stack trace:
#0 C:\xampp\htdocs\yii\framework\web\CController.php(270): CController->missingAction('gii')
#1 C:\xampp\htdocs\yii\framework\web\CWebApplication.php(282): CController->run('gii')
#2 C:\xampp\htdocs\yii\framework\web\CWebApplication.php(141): CWebApplication->runController('judgingPanel/gi...')
#3 C:\xampp\htdocs\yii\framework\base\CApplication.php(184): CWebApplication->processRequest()
#4 C:\xampp\htdocs\wwwComiteJuez2017\index.php(14): CApplication->run()
#5 {main}
REQUEST_URI=/wwwComiteJuez2017/judgingPanel/gii
---
2017/05/19 14:36:29 [error] [system.db.CDbCommand] CDbCommand::fetchAll() falló: SQLSTATE[42S22]: Column not found: 1054 Unknown column 'idCategory' in 'where clause'. La sentencia SQL ejecutada fue: SELECT * FROM `2gom_pics_jueces_retro` `t` WHERE id_contest=:idContest AND id_juez=:idJuez AND idCategory=:idCategory.
in C:\xampp\htdocs\wwwComiteJuez2017\protected\views\judgingPanel\feedbackDashBoard.php (18)
in C:\xampp\htdocs\wwwComiteJuez2017\protected\controllers\JudgingPanelController.php (927)
in C:\xampp\htdocs\wwwComiteJuez2017\index.php (14)
2017/05/19 14:36:29 [error] [exception.CDbException] exception 'CDbException' with message 'CDbCommand falló al ejecutar la sentencia SQL: SQLSTATE[42S22]: Column not found: 1054 Unknown column 'idCategory' in 'where clause'. The SQL statement executed was: SELECT * FROM `2gom_pics_jueces_retro` `t` WHERE id_contest=:idContest AND id_juez=:idJuez AND idCategory=:idCategory' in C:\xampp\htdocs\yii\framework\db\CDbCommand.php:543
Stack trace:
#0 C:\xampp\htdocs\yii\framework\db\CDbCommand.php(396): CDbCommand->queryInternal('fetchAll', Array, Array)
#1 C:\xampp\htdocs\yii\framework\db\ar\CActiveRecord.php(1356): CDbCommand->queryAll()
#2 C:\xampp\htdocs\yii\framework\db\ar\CActiveRecord.php(1475): CActiveRecord->query(Object(CDbCriteria), true)
#3 C:\xampp\htdocs\wwwComiteJuez2017\protected\views\judgingPanel\feedbackDashBoard.php(18): CActiveRecord->findAll(Array)
#4 C:\xampp\htdocs\yii\framework\web\CBaseController.php(126): require('C:\\xampp\\htdocs...')
#5 C:\xampp\htdocs\yii\framework\web\CBaseController.php(95): CBaseController->renderInternal('C:\\xampp\\htdocs...', Array, true)
#6 C:\xampp\htdocs\yii\framework\web\CController.php(869): CBaseController->renderFile('C:\\xampp\\htdocs...', Array, true)
#7 C:\xampp\htdocs\yii\framework\web\CController.php(782): CController->renderPartial('feedbackDashBoa...', Array, true)
#8 C:\xampp\htdocs\wwwComiteJuez2017\protected\controllers\JudgingPanelController.php(927): CController->render('feedbackDashBoa...', Array)
#9 [internal function]: JudgingPanelController->actionFeedbackDashBoard('con_0d3e5f203a8...')
#10 C:\xampp\htdocs\yii\framework\web\actions\CAction.php(109): ReflectionMethod->invokeArgs(Object(JudgingPanelController), Array)
#11 C:\xampp\htdocs\yii\framework\web\actions\CInlineAction.php(47): CAction->runWithParamsInternal(Object(JudgingPanelController), Object(ReflectionMethod), Array)
#12 C:\xampp\htdocs\yii\framework\web\CController.php(308): CInlineAction->runWithParams(Array)
#13 C:\xampp\htdocs\yii\framework\web\filters\CFilterChain.php(133): CController->runAction(Object(CInlineAction))
#14 C:\xampp\htdocs\yii\framework\web\filters\CFilter.php(40): CFilterChain->run()
#15 C:\xampp\htdocs\yii\framework\web\CController.php(1145): CFilter->filter(Object(CFilterChain))
#16 C:\xampp\htdocs\yii\framework\web\filters\CInlineFilter.php(58): CController->filterAccessControl(Object(CFilterChain))
#17 C:\xampp\htdocs\yii\framework\web\filters\CFilterChain.php(130): CInlineFilter->filter(Object(CFilterChain))
#18 C:\xampp\htdocs\yii\framework\web\CController.php(291): CFilterChain->run()
#19 C:\xampp\htdocs\yii\framework\web\CController.php(265): CController->runActionWithFilters(Object(CInlineAction), Array)
#20 C:\xampp\htdocs\yii\framework\web\CWebApplication.php(282): CController->run('feedbackDashBoa...')
#21 C:\xampp\htdocs\yii\framework\web\CWebApplication.php(141): CWebApplication->runController('judgingPanel/fe...')
#22 C:\xampp\htdocs\yii\framework\base\CApplication.php(184): CWebApplication->processRequest()
#23 C:\xampp\htdocs\wwwComiteJuez2017\index.php(14): CApplication->run()
#24 {main}
REQUEST_URI=/wwwComiteJuez2017/judgingPanel/feedbackDashBoard?t=con_0d3e5f203a8a868ca2138b890e43899758ab7b2b46494
HTTP_REFERER=http://localhost/wwwComiteJuez2017/judgingPanel/concursos
---
2017/05/19 14:36:46 [error] [php] Division by zero (C:\xampp\htdocs\wwwComiteJuez2017\protected\views\judgingPanel\feedbackDashBoard.php:30)
Stack trace:
#0 C:\xampp\htdocs\yii\framework\web\CController.php(869): JudgingPanelController->renderFile()
#1 C:\xampp\htdocs\yii\framework\web\CController.php(782): JudgingPanelController->renderPartial()
#2 C:\xampp\htdocs\wwwComiteJuez2017\protected\controllers\JudgingPanelController.php(927): JudgingPanelController->render()
#3 unknown(0): JudgingPanelController->actionFeedbackDashBoard()
#4 C:\xampp\htdocs\yii\framework\web\actions\CAction.php(109): ReflectionMethod->invokeArgs()
#5 C:\xampp\htdocs\yii\framework\web\actions\CInlineAction.php(47): CInlineAction->runWithParamsInternal()
#6 C:\xampp\htdocs\yii\framework\web\CController.php(308): CInlineAction->runWithParams()
#7 C:\xampp\htdocs\yii\framework\web\filters\CFilterChain.php(133): JudgingPanelController->runAction()
#8 C:\xampp\htdocs\yii\framework\web\filters\CFilter.php(40): CFilterChain->run()
#9 C:\xampp\htdocs\yii\framework\web\CController.php(1145): CAccessControlFilter->filter()
#10 C:\xampp\htdocs\yii\framework\web\filters\CInlineFilter.php(58): JudgingPanelController->filterAccessControl()
#11 C:\xampp\htdocs\yii\framework\web\filters\CFilterChain.php(130): CInlineFilter->filter()
#12 C:\xampp\htdocs\yii\framework\web\CController.php(291): CFilterChain->run()
#13 C:\xampp\htdocs\yii\framework\web\CController.php(265): JudgingPanelController->runActionWithFilters()
#14 C:\xampp\htdocs\yii\framework\web\CWebApplication.php(282): JudgingPanelController->run()
#15 C:\xampp\htdocs\yii\framework\web\CWebApplication.php(141): CWebApplication->runController()
#16 C:\xampp\htdocs\yii\framework\base\CApplication.php(184): CWebApplication->processRequest()
#17 C:\xampp\htdocs\wwwComiteJuez2017\index.php(14): CWebApplication->run()
REQUEST_URI=/wwwComiteJuez2017/judgingPanel/feedbackDashBoard?t=con_0d3e5f203a8a868ca2138b890e43899758ab7b2b46494
in C:\xampp\htdocs\wwwComiteJuez2017\protected\views\judgingPanel\feedbackDashBoard.php (30)
in C:\xampp\htdocs\wwwComiteJuez2017\protected\controllers\JudgingPanelController.php (927)
in C:\xampp\htdocs\wwwComiteJuez2017\index.php (14)
2017/05/19 14:38:00 [error] [php] Division by zero (C:\xampp\htdocs\wwwComiteJuez2017\protected\views\judgingPanel\feedbackDashBoard.php:30)
Stack trace:
#0 C:\xampp\htdocs\yii\framework\web\CController.php(869): JudgingPanelController->renderFile()
#1 C:\xampp\htdocs\yii\framework\web\CController.php(782): JudgingPanelController->renderPartial()
#2 C:\xampp\htdocs\wwwComiteJuez2017\protected\controllers\JudgingPanelController.php(927): JudgingPanelController->render()
#3 unknown(0): JudgingPanelController->actionFeedbackDashBoard()
#4 C:\xampp\htdocs\yii\framework\web\actions\CAction.php(109): ReflectionMethod->invokeArgs()
#5 C:\xampp\htdocs\yii\framework\web\actions\CInlineAction.php(47): CInlineAction->runWithParamsInternal()
#6 C:\xampp\htdocs\yii\framework\web\CController.php(308): CInlineAction->runWithParams()
#7 C:\xampp\htdocs\yii\framework\web\filters\CFilterChain.php(133): JudgingPanelController->runAction()
#8 C:\xampp\htdocs\yii\framework\web\filters\CFilter.php(40): CFilterChain->run()
#9 C:\xampp\htdocs\yii\framework\web\CController.php(1145): CAccessControlFilter->filter()
#10 C:\xampp\htdocs\yii\framework\web\filters\CInlineFilter.php(58): JudgingPanelController->filterAccessControl()
#11 C:\xampp\htdocs\yii\framework\web\filters\CFilterChain.php(130): CInlineFilter->filter()
#12 C:\xampp\htdocs\yii\framework\web\CController.php(291): CFilterChain->run()
#13 C:\xampp\htdocs\yii\framework\web\CController.php(265): JudgingPanelController->runActionWithFilters()
#14 C:\xampp\htdocs\yii\framework\web\CWebApplication.php(282): JudgingPanelController->run()
#15 C:\xampp\htdocs\yii\framework\web\CWebApplication.php(141): CWebApplication->runController()
#16 C:\xampp\htdocs\yii\framework\base\CApplication.php(184): CWebApplication->processRequest()
#17 C:\xampp\htdocs\wwwComiteJuez2017\index.php(14): CWebApplication->run()
REQUEST_URI=/wwwComiteJuez2017/judgingPanel/feedbackDashBoard?t=con_0d3e5f203a8a868ca2138b890e43899758ab7b2b46494
in C:\xampp\htdocs\wwwComiteJuez2017\protected\views\judgingPanel\feedbackDashBoard.php (30)
in C:\xampp\htdocs\wwwComiteJuez2017\protected\controllers\JudgingPanelController.php (927)
in C:\xampp\htdocs\wwwComiteJuez2017\index.php (14)
2017/05/19 14:56:48 [error] [php] Undefined variable: numCalificada (C:\xampp\htdocs\wwwComiteJuez2017\protected\views\judgingPanel\feedbackDashBoard.php:45)
Stack trace:
#0 C:\xampp\htdocs\yii\framework\web\CController.php(869): JudgingPanelController->renderFile()
#1 C:\xampp\htdocs\yii\framework\web\CController.php(782): JudgingPanelController->renderPartial()
#2 C:\xampp\htdocs\wwwComiteJuez2017\protected\controllers\JudgingPanelController.php(928): JudgingPanelController->render()
#3 unknown(0): JudgingPanelController->actionFeedbackDashBoard()
#4 C:\xampp\htdocs\yii\framework\web\actions\CAction.php(109): ReflectionMethod->invokeArgs()
#5 C:\xampp\htdocs\yii\framework\web\actions\CInlineAction.php(47): CInlineAction->runWithParamsInternal()
#6 C:\xampp\htdocs\yii\framework\web\CController.php(308): CInlineAction->runWithParams()
#7 C:\xampp\htdocs\yii\framework\web\filters\CFilterChain.php(133): JudgingPanelController->runAction()
#8 C:\xampp\htdocs\yii\framework\web\filters\CFilter.php(40): CFilterChain->run()
#9 C:\xampp\htdocs\yii\framework\web\CController.php(1145): CAccessControlFilter->filter()
#10 C:\xampp\htdocs\yii\framework\web\filters\CInlineFilter.php(58): JudgingPanelController->filterAccessControl()
#11 C:\xampp\htdocs\yii\framework\web\filters\CFilterChain.php(130): CInlineFilter->filter()
#12 C:\xampp\htdocs\yii\framework\web\CController.php(291): CFilterChain->run()
#13 C:\xampp\htdocs\yii\framework\web\CController.php(265): JudgingPanelController->runActionWithFilters()
#14 C:\xampp\htdocs\yii\framework\web\CWebApplication.php(282): JudgingPanelController->run()
#15 C:\xampp\htdocs\yii\framework\web\CWebApplication.php(141): CWebApplication->runController()
#16 C:\xampp\htdocs\yii\framework\base\CApplication.php(184): CWebApplication->processRequest()
#17 C:\xampp\htdocs\wwwComiteJuez2017\index.php(14): CWebApplication->run()
REQUEST_URI=/wwwComiteJuez2017/judgingPanel/feedbackDashBoard?t=con_0d3e5f203a8a868ca2138b890e43899758ab7b2b46494
in C:\xampp\htdocs\wwwComiteJuez2017\protected\views\judgingPanel\feedbackDashBoard.php (45)
in C:\xampp\htdocs\wwwComiteJuez2017\protected\controllers\JudgingPanelController.php (928)
in C:\xampp\htdocs\wwwComiteJuez2017\index.php (14)
2017/05/19 14:57:11 [error] [php] include(2gomConCategoiries.php): failed to open stream: No such file or directory (C:\xampp\htdocs\yii\framework\YiiBase.php:432)
Stack trace:
#0 C:\xampp\htdocs\yii\framework\db\ar\CActiveRecord.php(395): spl_autoload_call()
#1 C:\xampp\htdocs\yii\framework\db\ar\CActiveFinder.php(182): model()
#2 C:\xampp\htdocs\yii\framework\db\ar\CActiveFinder.php(230): CActiveFinder->getModel()
#3 C:\xampp\htdocs\yii\framework\db\ar\CActiveFinder.php(48): CActiveFinder->buildJoinTree()
#4 C:\xampp\htdocs\yii\framework\db\ar\CActiveRecord.php(912): CActiveFinder->__construct()
#5 C:\xampp\htdocs\yii\framework\db\ar\CActiveRecord.php(280): ConRelJuecesCategories->getActiveFinder()
#6 C:\xampp\htdocs\yii\framework\db\ar\CActiveRecord.php(143): ConRelJuecesCategories->getRelated()
#7 C:\xampp\htdocs\wwwComiteJuez2017\protected\views\judgingPanel\feedbackDashBoard.php(55): ConRelJuecesCategories->__get()
#8 C:\xampp\htdocs\yii\framework\web\CBaseController.php(126): require()
#9 C:\xampp\htdocs\yii\framework\web\CBaseController.php(95): JudgingPanelController->renderInternal()
#10 C:\xampp\htdocs\yii\framework\web\CController.php(869): JudgingPanelController->renderFile()
#11 C:\xampp\htdocs\yii\framework\web\CController.php(782): JudgingPanelController->renderPartial()
#12 C:\xampp\htdocs\wwwComiteJuez2017\protected\controllers\JudgingPanelController.php(928): JudgingPanelController->render()
#13 unknown(0): JudgingPanelController->actionFeedbackDashBoard()
#14 C:\xampp\htdocs\yii\framework\web\actions\CAction.php(109): ReflectionMethod->invokeArgs()
#15 C:\xampp\htdocs\yii\framework\web\actions\CInlineAction.php(47): CInlineAction->runWithParamsInternal()
#16 C:\xampp\htdocs\yii\framework\web\CController.php(308): CInlineAction->runWithParams()
#17 C:\xampp\htdocs\yii\framework\web\filters\CFilterChain.php(133): JudgingPanelController->runAction()
#18 C:\xampp\htdocs\yii\framework\web\filters\CFilter.php(40): CFilterChain->run()
#19 C:\xampp\htdocs\yii\framework\web\CController.php(1145): CAccessControlFilter->filter()
#20 C:\xampp\htdocs\yii\framework\web\filters\CInlineFilter.php(58): JudgingPanelController->filterAccessControl()
#21 C:\xampp\htdocs\yii\framework\web\filters\CFilterChain.php(130): CInlineFilter->filter()
#22 C:\xampp\htdocs\yii\framework\web\CController.php(291): CFilterChain->run()
#23 C:\xampp\htdocs\yii\framework\web\CController.php(265): JudgingPanelController->runActionWithFilters()
#24 C:\xampp\htdocs\yii\framework\web\CWebApplication.php(282): JudgingPanelController->run()
#25 C:\xampp\htdocs\yii\framework\web\CWebApplication.php(141): CWebApplication->runController()
#26 C:\xampp\htdocs\yii\framework\base\CApplication.php(184): CWebApplication->processRequest()
#27 C:\xampp\htdocs\wwwComiteJuez2017\index.php(14): CWebApplication->run()
REQUEST_URI=/wwwComiteJuez2017/judgingPanel/feedbackDashBoard?t=con_0d3e5f203a8a868ca2138b890e43899758ab7b2b46494
in C:\xampp\htdocs\wwwComiteJuez2017\protected\views\judgingPanel\feedbackDashBoard.php (55)
in C:\xampp\htdocs\wwwComiteJuez2017\protected\controllers\JudgingPanelController.php (928)
in C:\xampp\htdocs\wwwComiteJuez2017\index.php (14)
2017/05/19 14:57:30 [error] [php] include(ConCategoiries.php): failed to open stream: No such file or directory (C:\xampp\htdocs\yii\framework\YiiBase.php:432)
Stack trace:
#0 C:\xampp\htdocs\yii\framework\db\ar\CActiveRecord.php(395): spl_autoload_call()
#1 C:\xampp\htdocs\yii\framework\db\ar\CActiveFinder.php(182): model()
#2 C:\xampp\htdocs\yii\framework\db\ar\CActiveFinder.php(230): CActiveFinder->getModel()
#3 C:\xampp\htdocs\yii\framework\db\ar\CActiveFinder.php(48): CActiveFinder->buildJoinTree()
#4 C:\xampp\htdocs\yii\framework\db\ar\CActiveRecord.php(912): CActiveFinder->__construct()
#5 C:\xampp\htdocs\yii\framework\db\ar\CActiveRecord.php(280): ConRelJuecesCategories->getActiveFinder()
#6 C:\xampp\htdocs\yii\framework\db\ar\CActiveRecord.php(143): ConRelJuecesCategories->getRelated()
#7 C:\xampp\htdocs\wwwComiteJuez2017\protected\views\judgingPanel\feedbackDashBoard.php(55): ConRelJuecesCategories->__get()
#8 C:\xampp\htdocs\yii\framework\web\CBaseController.php(126): require()
#9 C:\xampp\htdocs\yii\framework\web\CBaseController.php(95): JudgingPanelController->renderInternal()
#10 C:\xampp\htdocs\yii\framework\web\CController.php(869): JudgingPanelController->renderFile()
#11 C:\xampp\htdocs\yii\framework\web\CController.php(782): JudgingPanelController->renderPartial()
#12 C:\xampp\htdocs\wwwComiteJuez2017\protected\controllers\JudgingPanelController.php(928): JudgingPanelController->render()
#13 unknown(0): JudgingPanelController->actionFeedbackDashBoard()
#14 C:\xampp\htdocs\yii\framework\web\actions\CAction.php(109): ReflectionMethod->invokeArgs()
#15 C:\xampp\htdocs\yii\framework\web\actions\CInlineAction.php(47): CInlineAction->runWithParamsInternal()
#16 C:\xampp\htdocs\yii\framework\web\CController.php(308): CInlineAction->runWithParams()
#17 C:\xampp\htdocs\yii\framework\web\filters\CFilterChain.php(133): JudgingPanelController->runAction()
#18 C:\xampp\htdocs\yii\framework\web\filters\CFilter.php(40): CFilterChain->run()
#19 C:\xampp\htdocs\yii\framework\web\CController.php(1145): CAccessControlFilter->filter()
#20 C:\xampp\htdocs\yii\framework\web\filters\CInlineFilter.php(58): JudgingPanelController->filterAccessControl()
#21 C:\xampp\htdocs\yii\framework\web\filters\CFilterChain.php(130): CInlineFilter->filter()
#22 C:\xampp\htdocs\yii\framework\web\CController.php(291): CFilterChain->run()
#23 C:\xampp\htdocs\yii\framework\web\CController.php(265): JudgingPanelController->runActionWithFilters()
#24 C:\xampp\htdocs\yii\framework\web\CWebApplication.php(282): JudgingPanelController->run()
#25 C:\xampp\htdocs\yii\framework\web\CWebApplication.php(141): CWebApplication->runController()
#26 C:\xampp\htdocs\yii\framework\base\CApplication.php(184): CWebApplication->processRequest()
#27 C:\xampp\htdocs\wwwComiteJuez2017\index.php(14): CWebApplication->run()
REQUEST_URI=/wwwComiteJuez2017/judgingPanel/feedbackDashBoard?t=con_0d3e5f203a8a868ca2138b890e43899758ab7b2b46494
in C:\xampp\htdocs\wwwComiteJuez2017\protected\views\judgingPanel\feedbackDashBoard.php (55)
in C:\xampp\htdocs\wwwComiteJuez2017\protected\controllers\JudgingPanelController.php (928)
in C:\xampp\htdocs\wwwComiteJuez2017\index.php (14)
2017/05/19 14:57:46 [error] [php] Invalid argument supplied for foreach() (C:\xampp\htdocs\yii\framework\db\ar\CActiveFinder.php:469)
Stack trace:
#0 C:\xampp\htdocs\yii\framework\db\ar\CActiveRecord.php(143): ConRelJuecesCategories->getRelated()
#1 C:\xampp\htdocs\wwwComiteJuez2017\protected\views\judgingPanel\feedbackDashBoard.php(55): ConRelJuecesCategories->__get()
#2 C:\xampp\htdocs\yii\framework\web\CBaseController.php(126): require()
#3 C:\xampp\htdocs\yii\framework\web\CBaseController.php(95): JudgingPanelController->renderInternal()
#4 C:\xampp\htdocs\yii\framework\web\CController.php(869): JudgingPanelController->renderFile()
#5 C:\xampp\htdocs\yii\framework\web\CController.php(782): JudgingPanelController->renderPartial()
#6 C:\xampp\htdocs\wwwComiteJuez2017\protected\controllers\JudgingPanelController.php(928): JudgingPanelController->render()
#7 unknown(0): JudgingPanelController->actionFeedbackDashBoard()
#8 C:\xampp\htdocs\yii\framework\web\actions\CAction.php(109): ReflectionMethod->invokeArgs()
#9 C:\xampp\htdocs\yii\framework\web\actions\CInlineAction.php(47): CInlineAction->runWithParamsInternal()
#10 C:\xampp\htdocs\yii\framework\web\CController.php(308): CInlineAction->runWithParams()
#11 C:\xampp\htdocs\yii\framework\web\filters\CFilterChain.php(133): JudgingPanelController->runAction()
#12 C:\xampp\htdocs\yii\framework\web\filters\CFilter.php(40): CFilterChain->run()
#13 C:\xampp\htdocs\yii\framework\web\CController.php(1145): CAccessControlFilter->filter()
#14 C:\xampp\htdocs\yii\framework\web\filters\CInlineFilter.php(58): JudgingPanelController->filterAccessControl()
#15 C:\xampp\htdocs\yii\framework\web\filters\CFilterChain.php(130): CInlineFilter->filter()
#16 C:\xampp\htdocs\yii\framework\web\CController.php(291): CFilterChain->run()
#17 C:\xampp\htdocs\yii\framework\web\CController.php(265): JudgingPanelController->runActionWithFilters()
#18 C:\xampp\htdocs\yii\framework\web\CWebApplication.php(282): JudgingPanelController->run()
#19 C:\xampp\htdocs\yii\framework\web\CWebApplication.php(141): CWebApplication->runController()
#20 C:\xampp\htdocs\yii\framework\base\CApplication.php(184): CWebApplication->processRequest()
#21 C:\xampp\htdocs\wwwComiteJuez2017\index.php(14): CWebApplication->run()
REQUEST_URI=/wwwComiteJuez2017/judgingPanel/feedbackDashBoard?t=con_0d3e5f203a8a868ca2138b890e43899758ab7b2b46494
in C:\xampp\htdocs\wwwComiteJuez2017\protected\views\judgingPanel\feedbackDashBoard.php (55)
in C:\xampp\htdocs\wwwComiteJuez2017\protected\controllers\JudgingPanelController.php (928)
in C:\xampp\htdocs\wwwComiteJuez2017\index.php (14)
2017/05/19 14:59:43 [error] [php] Invalid argument supplied for foreach() (C:\xampp\htdocs\yii\framework\db\ar\CActiveFinder.php:469)
Stack trace:
#0 C:\xampp\htdocs\yii\framework\db\ar\CActiveRecord.php(143): ConRelJuecesCategories->getRelated()
#1 C:\xampp\htdocs\wwwComiteJuez2017\protected\views\judgingPanel\feedbackDashBoard.php(56): ConRelJuecesCategories->__get()
#2 C:\xampp\htdocs\yii\framework\web\CBaseController.php(126): require()
#3 C:\xampp\htdocs\yii\framework\web\CBaseController.php(95): JudgingPanelController->renderInternal()
#4 C:\xampp\htdocs\yii\framework\web\CController.php(869): JudgingPanelController->renderFile()
#5 C:\xampp\htdocs\yii\framework\web\CController.php(782): JudgingPanelController->renderPartial()
#6 C:\xampp\htdocs\wwwComiteJuez2017\protected\controllers\JudgingPanelController.php(928): JudgingPanelController->render()
#7 unknown(0): JudgingPanelController->actionFeedbackDashBoard()
#8 C:\xampp\htdocs\yii\framework\web\actions\CAction.php(109): ReflectionMethod->invokeArgs()
#9 C:\xampp\htdocs\yii\framework\web\actions\CInlineAction.php(47): CInlineAction->runWithParamsInternal()
#10 C:\xampp\htdocs\yii\framework\web\CController.php(308): CInlineAction->runWithParams()
#11 C:\xampp\htdocs\yii\framework\web\filters\CFilterChain.php(133): JudgingPanelController->runAction()
#12 C:\xampp\htdocs\yii\framework\web\filters\CFilter.php(40): CFilterChain->run()
#13 C:\xampp\htdocs\yii\framework\web\CController.php(1145): CAccessControlFilter->filter()
#14 C:\xampp\htdocs\yii\framework\web\filters\CInlineFilter.php(58): JudgingPanelController->filterAccessControl()
#15 C:\xampp\htdocs\yii\framework\web\filters\CFilterChain.php(130): CInlineFilter->filter()
#16 C:\xampp\htdocs\yii\framework\web\CController.php(291): CFilterChain->run()
#17 C:\xampp\htdocs\yii\framework\web\CController.php(265): JudgingPanelController->runActionWithFilters()
#18 C:\xampp\htdocs\yii\framework\web\CWebApplication.php(282): JudgingPanelController->run()
#19 C:\xampp\htdocs\yii\framework\web\CWebApplication.php(141): CWebApplication->runController()
#20 C:\xampp\htdocs\yii\framework\base\CApplication.php(184): CWebApplication->processRequest()
#21 C:\xampp\htdocs\wwwComiteJuez2017\index.php(14): CWebApplication->run()
REQUEST_URI=/wwwComiteJuez2017/judgingPanel/feedbackDashBoard?t=con_0d3e5f203a8a868ca2138b890e43899758ab7b2b46494
in C:\xampp\htdocs\wwwComiteJuez2017\protected\views\judgingPanel\feedbackDashBoard.php (56)
in C:\xampp\htdocs\wwwComiteJuez2017\protected\controllers\JudgingPanelController.php (928)
in C:\xampp\htdocs\wwwComiteJuez2017\index.php (14)
